<?xml version="1.0" encoding="UTF-8"?>
<testng-results ignored="0" total="2" passed="2" failed="0" skipped="0">
  <reporter-output>
  </reporter-output>
  <suite started-at="2024-04-05T07:06:22 IST" name="Suite" finished-at="2024-04-05T07:07:39 IST" duration-ms="77305">
    <groups>
      <group name="listScoreTest">
        <method signature="HotelsListTest.javaTest()[pri:0, instance:Tests.HotelsListTest@24c1b2d2]" name="javaTest" class="Tests.HotelsListTest"/>
      </group> <!-- listScoreTest -->
      <group name="MakeMyTripAutomationTest">
        <method signature="HotelsListTest.hotelsList()[pri:0, instance:Tests.HotelsListTest@24c1b2d2]" name="hotelsList" class="Tests.HotelsListTest"/>
      </group> <!-- MakeMyTripAutomationTest -->
    </groups>
    <test started-at="2024-04-05T07:06:22 IST" name="Test" finished-at="2024-04-05T07:07:39 IST" duration-ms="77305">
      <class name="Tests.HotelsListTest">
        <test-method signature="hotelsList()[pri:0, instance:Tests.HotelsListTest@24c1b2d2]" started-at="2024-04-05T07:06:22 IST" name="hotelsList" finished-at="2024-04-05T07:07:37 IST" duration-ms="75268" status="PASS">
          <reporter-output>
          </reporter-output>
        </test-method> <!-- hotelsList -->
        <test-method is-config="true" signature="killSession()[pri:0, instance:Tests.HotelsListTest@24c1b2d2]" started-at="2024-04-05T07:07:37 IST" name="killSession" finished-at="2024-04-05T07:07:39 IST" duration-ms="1716" status="PASS">
          <reporter-output>
          </reporter-output>
        </test-method> <!-- killSession -->
        <test-method signature="javaTest()[pri:0, instance:Tests.HotelsListTest@24c1b2d2]" started-at="2024-04-05T07:07:39 IST" name="javaTest" finished-at="2024-04-05T07:07:39 IST" depends-on-methods="Tests.HotelsListTest.hotelsList" duration-ms="23" status="PASS">
          <reporter-output>
          </reporter-output>
        </test-method> <!-- javaTest -->
        <test-method is-config="true" signature="killSession()[pri:0, instance:Tests.HotelsListTest@24c1b2d2]" started-at="2024-04-05T07:07:39 IST" name="killSession" finished-at="2024-04-05T07:07:39 IST" duration-ms="1" status="PASS">
          <reporter-output>
          </reporter-output>
        </test-method> <!-- killSession -->
      </class> <!-- Tests.HotelsListTest -->
    </test> <!-- Test -->
  </suite> <!-- Suite -->
</testng-results>
